<?xml version="1.0" encoding="UTF-8"?>
<!-- Generated by org.testng.reporters.JUnitReportReporter -->
<testsuite skipped="0" hostname="localhost.localdomain" name="org.testngrunner.TestcaseOne" tests="3" failures="0" timestamp="18 Dec 2017 11:17:29 GMT" time="0.002" errors="0">
  <testcase name="testOne" time="0.001" classname="org.testngrunner.TestcaseOne"/>
  <testcase name="testThree" time="0.001" classname="org.testngrunner.TestcaseOne"/>
  <testcase name="testTwo" time="0.000" classname="org.testngrunner.TestcaseOne"/>
</testsuite> <!-- org.testngrunner.TestcaseOne -->
